<?xml version="1.0" encoding="UTF-8"?>
<testng-results ignored="0" total="2" passed="2" failed="0" skipped="0">
  <reporter-output>
  </reporter-output>
  <suite started-at="2023-12-19T00:20:58 GMT" name="Default suite" finished-at="2023-12-19T00:21:42 GMT" duration-ms="44081">
    <groups>
      <group name="cucumber">
        <method signature="AbstractTestNGCucumberTests.runScenario(io.cucumber.testng.PickleWrapper,io.cucumber.testng.FeatureWrapper)[pri:0, instance:autoexsel.test.runner.TestNGTestRunner@1a245833]" name="runScenario" class="io.cucumber.testng.AbstractTestNGCucumberTests"/>
      </group> <!-- cucumber -->
    </groups>
    <test started-at="2023-12-19T00:20:58 GMT" name="Default test" finished-at="2023-12-19T00:21:42 GMT" duration-ms="44081">
      <class name="autoexsel.test.runner.TestNGTestRunner">
        <test-method is-config="true" signature="setup()[pri:0, instance:autoexsel.test.runner.TestNGTestRunner@1a245833]" started-at="2023-12-19T00:20:58 GMT" name="setup" finished-at="2023-12-19T00:20:58 GMT" duration-ms="20" status="PASS">
          <reporter-output>
          </reporter-output>
        </test-method> <!-- setup -->
        <test-method is-config="true" signature="setUpClass(org.testng.ITestContext)[pri:0, instance:autoexsel.test.runner.TestNGTestRunner@1a245833]" started-at="2023-12-19T00:20:58 GMT" name="setUpClass" finished-at="2023-12-19T00:20:59 GMT" duration-ms="796" status="PASS">
          <params>
            <param index="0">
              <value>
                <![CDATA[org.testng.TestRunner@7be3abaa]]>
              </value>
            </param>
          </params>
          <reporter-output>
          </reporter-output>
        </test-method> <!-- setUpClass -->
        <test-method signature="runScenario(io.cucumber.testng.PickleWrapper,io.cucumber.testng.FeatureWrapper)[pri:0, instance:autoexsel.test.runner.TestNGTestRunner@1a245833]" started-at="2023-12-19T00:20:59 GMT" name="runScenario" description="Runs Cucumber Scenarios" data-provider="scenarios" finished-at="2023-12-19T00:21:24 GMT" duration-ms="25602" status="PASS">
          <params>
            <param index="0">
              <value>
                <![CDATA["Launch browser and open google homepage"]]>
              </value>
            </param>
            <param index="1">
              <value>
                <![CDATA["Verify search functionality of www.google.com"]]>
              </value>
            </param>
          </params>
          <reporter-output>
          </reporter-output>
        </test-method> <!-- runScenario -->
        <test-method signature="runScenario(io.cucumber.testng.PickleWrapper,io.cucumber.testng.FeatureWrapper)[pri:0, instance:autoexsel.test.runner.TestNGTestRunner@1a245833]" started-at="2023-12-19T00:21:24 GMT" name="runScenario" description="Runs Cucumber Scenarios" data-provider="scenarios" finished-at="2023-12-19T00:21:42 GMT" duration-ms="17515" status="PASS">
          <params>
            <param index="0">
              <value>
                <![CDATA["Perform text search on google homepage"]]>
              </value>
            </param>
            <param index="1">
              <value>
                <![CDATA["Verify search functionality of www.google.com"]]>
              </value>
            </param>
          </params>
          <reporter-output>
          </reporter-output>
        </test-method> <!-- runScenario -->
        <test-method is-config="true" signature="tearDownClass()[pri:0, instance:autoexsel.test.runner.TestNGTestRunner@1a245833]" started-at="2023-12-19T00:21:42 GMT" name="tearDownClass" finished-at="2023-12-19T00:21:42 GMT" duration-ms="90" status="PASS">
          <reporter-output>
          </reporter-output>
        </test-method> <!-- tearDownClass -->
        <test-method is-config="true" signature="teardown()[pri:0, instance:autoexsel.test.runner.TestNGTestRunner@1a245833]" started-at="2023-12-19T00:21:42 GMT" name="teardown" finished-at="2023-12-19T00:21:42 GMT" duration-ms="544" status="PASS">
          <reporter-output>
          </reporter-output>
        </test-method> <!-- teardown -->
      </class> <!-- autoexsel.test.runner.TestNGTestRunner -->
    </test> <!-- Default test -->
  </suite> <!-- Default suite -->
</testng-results>
