<?xml version="1.0" encoding="UTF-8"?>
<testng-results ignored="0" total="2" passed="2" failed="0" skipped="0">
  <reporter-output>
  </reporter-output>
  <suite started-at="2023-12-20T00:07:22 GMT" name="Default suite" finished-at="2023-12-20T00:07:44 GMT" duration-ms="22313">
    <groups>
      <group name="cucumber">
        <method signature="AbstractTestNGCucumberTests.runScenario(io.cucumber.testng.PickleWrapper,io.cucumber.testng.FeatureWrapper)[pri:0, instance:autoexsel.test.runner.TestNGTestRunner@1a245833]" name="runScenario" class="io.cucumber.testng.AbstractTestNGCucumberTests"/>
      </group> <!-- cucumber -->
    </groups>
    <test started-at="2023-12-20T00:07:22 GMT" name="Default test" finished-at="2023-12-20T00:07:44 GMT" duration-ms="22313">
      <class name="autoexsel.test.runner.TestNGTestRunner">
        <test-method is-config="true" signature="setup()[pri:0, instance:autoexsel.test.runner.TestNGTestRunner@1a245833]" started-at="2023-12-20T00:07:21 GMT" name="setup" finished-at="2023-12-20T00:07:22 GMT" duration-ms="14" status="PASS">
          <reporter-output>
          </reporter-output>
        </test-method> <!-- setup -->
        <test-method is-config="true" signature="setUpClass(org.testng.ITestContext)[pri:0, instance:autoexsel.test.runner.TestNGTestRunner@1a245833]" started-at="2023-12-20T00:07:22 GMT" name="setUpClass" finished-at="2023-12-20T00:07:22 GMT" duration-ms="764" status="PASS">
          <params>
            <param index="0">
              <value>
                <![CDATA[org.testng.TestRunner@1124910c]]>
              </value>
            </param>
          </params>
          <reporter-output>
          </reporter-output>
        </test-method> <!-- setUpClass -->
        <test-method signature="runScenario(io.cucumber.testng.PickleWrapper,io.cucumber.testng.FeatureWrapper)[pri:0, instance:autoexsel.test.runner.TestNGTestRunner@1a245833]" started-at="2023-12-20T00:07:22 GMT" name="runScenario" description="Runs Cucumber Scenarios" data-provider="scenarios" finished-at="2023-12-20T00:07:37 GMT" duration-ms="14486" status="PASS">
          <params>
            <param index="0">
              <value>
                <![CDATA["Login to SauceDemo and logout - v1"]]>
              </value>
            </param>
            <param index="1">
              <value>
                <![CDATA["Verify login of https://www.saucedemo.com/"]]>
              </value>
            </param>
          </params>
          <reporter-output>
          </reporter-output>
        </test-method> <!-- runScenario -->
        <test-method signature="runScenario(io.cucumber.testng.PickleWrapper,io.cucumber.testng.FeatureWrapper)[pri:0, instance:autoexsel.test.runner.TestNGTestRunner@1a245833]" started-at="2023-12-20T00:07:37 GMT" name="runScenario" description="Runs Cucumber Scenarios" data-provider="scenarios" finished-at="2023-12-20T00:07:44 GMT" duration-ms="6893" status="PASS">
          <params>
            <param index="0">
              <value>
                <![CDATA["Login to SauceDemo and logout - v2"]]>
              </value>
            </param>
            <param index="1">
              <value>
                <![CDATA["Verify login of https://www.saucedemo.com/"]]>
              </value>
            </param>
          </params>
          <reporter-output>
          </reporter-output>
        </test-method> <!-- runScenario -->
        <test-method is-config="true" signature="tearDownClass()[pri:0, instance:autoexsel.test.runner.TestNGTestRunner@1a245833]" started-at="2023-12-20T00:07:44 GMT" name="tearDownClass" finished-at="2023-12-20T00:07:44 GMT" duration-ms="87" status="PASS">
          <reporter-output>
          </reporter-output>
        </test-method> <!-- tearDownClass -->
        <test-method is-config="true" signature="teardown()[pri:0, instance:autoexsel.test.runner.TestNGTestRunner@1a245833]" started-at="2023-12-20T00:07:44 GMT" name="teardown" finished-at="2023-12-20T00:07:44 GMT" duration-ms="612" status="PASS">
          <reporter-output>
          </reporter-output>
        </test-method> <!-- teardown -->
      </class> <!-- autoexsel.test.runner.TestNGTestRunner -->
    </test> <!-- Default test -->
  </suite> <!-- Default suite -->
</testng-results>
