<?xml version="1.0" encoding="UTF-8"?>
<testng-results skipped="0" failed="0" total="1" passed="1">
  <reporter-output>
  </reporter-output>
  <suite name="Default suite" duration-ms="18568" started-at="2019-07-17T19:57:57Z" finished-at="2019-07-17T19:58:15Z">
    <groups>
      <group name="cucumber">
        <method signature="AbstractTestNGCucumberTests.feature(cucumber.api.testng.CucumberFeatureWrapper)[pri:0, instance:cucumberRunner.WebTestRunner@60c6f5b]" name="feature" class="cucumber.api.testng.AbstractTestNGCucumberTests"/>
      </group> <!-- cucumber -->
    </groups>
    <test name="Default test" duration-ms="18568" started-at="2019-07-17T19:57:57Z" finished-at="2019-07-17T19:58:15Z">
      <class name="cucumberRunner.WebTestRunner">
        <test-method status="PASS" signature="setUpClass()[pri:0, instance:cucumberRunner.WebTestRunner@60c6f5b]" name="setUpClass" is-config="true" duration-ms="211" started-at="2019-07-17T20:57:57Z" finished-at="2019-07-17T20:57:57Z">
          <reporter-output>
          </reporter-output>
        </test-method> <!-- setUpClass -->
        <test-method status="PASS" signature="feature(cucumber.api.testng.CucumberFeatureWrapper)[pri:0, instance:cucumberRunner.WebTestRunner@60c6f5b]" name="feature" duration-ms="18254" started-at="2019-07-17T20:57:57Z" description="Runs Cucumber Feature" data-provider="features" finished-at="2019-07-17T20:58:15Z">
          <params>
            <param index="0">
              <value>
                <![CDATA[Verify search functionality on www.google.com]]>
              </value>
            </param>
          </params>
          <reporter-output>
          </reporter-output>
        </test-method> <!-- feature -->
        <test-method status="PASS" signature="tearDownClass()[pri:0, instance:cucumberRunner.WebTestRunner@60c6f5b]" name="tearDownClass" is-config="true" duration-ms="2" started-at="2019-07-17T20:58:15Z" finished-at="2019-07-17T20:58:15Z">
          <reporter-output>
          </reporter-output>
        </test-method> <!-- tearDownClass -->
        <test-method status="PASS" signature="teardown()[pri:0, instance:cucumberRunner.WebTestRunner@60c6f5b]" name="teardown" is-config="true" duration-ms="538" started-at="2019-07-17T20:58:15Z" finished-at="2019-07-17T20:58:16Z">
          <reporter-output>
          </reporter-output>
        </test-method> <!-- teardown -->
      </class> <!-- cucumberRunner.WebTestRunner -->
    </test> <!-- Default test -->
  </suite> <!-- Default suite -->
</testng-results>
