<?xml version="1.0" encoding="UTF-8"?>
<!-- Generated by org.testng.reporters.JUnitXMLReporter -->
<testsuite ignored="0" hostname="WKMZT2203D50.global.publicisgroupe.net" failures="0" tests="2" name="Default test" time="22.313" errors="0" timestamp="2023-12-20T00:07:44 GMT">
  <testcase classname="io.cucumber.testng.AbstractTestNGCucumberTests" name="runScenario" time="14.486"/>
  <testcase classname="io.cucumber.testng.AbstractTestNGCucumberTests" name="runScenario" time="6.893"/>
</testsuite> <!-- Default test -->
