<?xml version="1.0" encoding="UTF-8"?>
<!-- Generated by org.testng.reporters.JUnitXMLReporter -->
<testsuite ignored="0" hostname="WKMZT2203D50.global.publicisgroupe.net" failures="0" tests="2" name="Default test" time="44.081" errors="0" timestamp="2023-12-19T00:21:42 GMT">
  <testcase classname="io.cucumber.testng.AbstractTestNGCucumberTests" name="runScenario" time="25.602"/>
  <testcase classname="io.cucumber.testng.AbstractTestNGCucumberTests" name="runScenario" time="17.515"/>
</testsuite> <!-- Default test -->
